#
# There is insufficient memory for the Java Runtime Environment to continue.
# Native memory allocation (malloc) failed to allocate 557216 bytes for Chunk::new
# Possible reasons:
#   The system is out of physical RAM or swap space
#   The process is running with CompressedOops enabled, and the Java Heap may be blocking the growth of the native heap
# Possible solutions:
#   Reduce memory load on the system
#   Increase physical memory or swap space
#   Check if swap backing store is full
#   Decrease Java heap size (-Xmx/-Xms)
#   Decrease number of Java threads
#   Decrease Java thread stack sizes (-Xss)
#   Set larger code cache with -XX:ReservedCodeCacheSize=
#   JVM is running with Zero Based Compressed Oops mode in which the Java heap is
#     placed in the first 32GB address space. The Java Heap base address is the
#     maximum limit for the native heap growth. Please use -XX:HeapBaseMinAddress
#     to set the Java Heap base and to place the Java Heap above 32GB virtual address.
# This output file may be truncated or incomplete.
#
#  Out of Memory Error (allocation.cpp:389), pid=19884, tid=0x0000000000005fe8
#
# JRE version: OpenJDK Runtime Environment (8.0_312-b07) (build 1.8.0_312-b07)
# Java VM: OpenJDK 64-Bit Server VM (25.312-b07 mixed mode windows-amd64 compressed oops)
# Failed to write core dump. Minidumps are not enabled by default on client versions of Windows
#

---------------  T H R E A D  ---------------

Current thread (0x0000000020062000):  JavaThread "C2 CompilerThread1" daemon [_thread_in_native, id=24552, stack(0x00000000208f0000,0x00000000209f0000)]

Stack: [0x00000000208f0000,0x00000000209f0000]
[error occurred during error reporting (printing stack bounds), id 0xc0000005]

Native frames: (J=compiled Java code, j=interpreted, Vv=VM code, C=native code)


Current CompileTask:
C2:   2586 1677       4       java.net.URLStreamHandler::parseURL (1193 bytes)


---------------  P R O C E S S  ---------------

Java Threads: ( => current thread )
  0x000000002242c000 JavaThread "Exec Stream Pumper" daemon [_thread_in_native, id=16460, stack(0x0000000023d00000,0x0000000023e00000)]
  0x0000000022427000 JavaThread "Exec Stream Pumper" daemon [_thread_in_native, id=12492, stack(0x0000000023c00000,0x0000000023d00000)]
  0x0000000022428800 JavaThread "Driver Service Executor" daemon [_thread_blocked, id=24476, stack(0x0000000023a00000,0x0000000023b00000)]
  0x0000000022422800 JavaThread "Driver Service Executor" daemon [_thread_blocked, id=24120, stack(0x0000000023900000,0x0000000023a00000)]
  0x0000000021f92800 JavaThread "Exec Default Executor" daemon [_thread_in_native, id=16572, stack(0x0000000023800000,0x0000000023900000)]
  0x0000000021f01800 JavaThread "ForkJoinPool.commonPool-worker-11" daemon [_thread_blocked, id=12944, stack(0x0000000023500000,0x0000000023600000)]
  0x0000000022262000 JavaThread "ForkJoinPool.commonPool-worker-2" daemon [_thread_blocked, id=9896, stack(0x0000000023400000,0x0000000023500000)]
  0x0000000021dfb800 JavaThread "AsyncHttpClient-1-1" daemon [_thread_blocked, id=15128, stack(0x0000000022f00000,0x0000000023000000)]
  0x0000000021f25800 JavaThread "ForkJoinPool.commonPool-worker-9" daemon [_thread_blocked, id=6496, stack(0x0000000022e00000,0x0000000022f00000)]
  0x000000002010f000 JavaThread "Service Thread" daemon [_thread_blocked, id=23684, stack(0x00000000214f0000,0x00000000215f0000)]
  0x00000000200ff000 JavaThread "C1 CompilerThread11" daemon [_thread_in_native, id=10212, stack(0x00000000213f0000,0x00000000214f0000)]
  0x00000000200fc800 JavaThread "C1 CompilerThread10" daemon [_thread_blocked, id=25364, stack(0x00000000212f0000,0x00000000213f0000)]
  0x00000000200f3800 JavaThread "C1 CompilerThread9" daemon [_thread_blocked, id=19508, stack(0x00000000211f0000,0x00000000212f0000)]
  0x00000000200f2800 JavaThread "C1 CompilerThread8" daemon [_thread_blocked, id=11816, stack(0x0000000020ff0000,0x00000000210f0000)]
  0x00000000200d8000 JavaThread "C2 CompilerThread7" daemon [_thread_blocked, id=22940, stack(0x0000000020ef0000,0x0000000020ff0000)]
  0x00000000200c4800 JavaThread "C2 CompilerThread6" daemon [_thread_blocked, id=26128, stack(0x0000000020df0000,0x0000000020ef0000)]
  0x00000000200a4000 JavaThread "C2 CompilerThread5" daemon [_thread_blocked, id=25784, stack(0x0000000020cf0000,0x0000000020df0000)]
  0x000000002007b000 JavaThread "C2 CompilerThread4" daemon [_thread_blocked, id=22144, stack(0x0000000020bf0000,0x0000000020cf0000)]
  0x0000000020066800 JavaThread "C2 CompilerThread3" daemon [_thread_blocked, id=20224, stack(0x0000000020af0000,0x0000000020bf0000)]
  0x0000000020063800 JavaThread "C2 CompilerThread2" daemon [_thread_blocked, id=21688, stack(0x00000000209f0000,0x0000000020af0000)]
=>0x0000000020062000 JavaThread "C2 CompilerThread1" daemon [_thread_in_native, id=24552, stack(0x00000000208f0000,0x00000000209f0000)]
  0x000000002006a800 JavaThread "C2 CompilerThread0" daemon [_thread_blocked, id=7640, stack(0x00000000207f0000,0x00000000208f0000)]
  0x0000000020028800 JavaThread "Monitor Ctrl-Break" daemon [_thread_in_native, id=2148, stack(0x00000000206f0000,0x00000000207f0000)]
  0x000000001e2b5800 JavaThread "Attach Listener" daemon [_thread_blocked, id=5180, stack(0x000000001fdf0000,0x000000001fef0000)]
  0x000000001e2b2800 JavaThread "Signal Dispatcher" daemon [_thread_blocked, id=8404, stack(0x000000001fcf0000,0x000000001fdf0000)]
  0x000000001c839800 JavaThread "Finalizer" daemon [_thread_blocked, id=9420, stack(0x000000001faf0000,0x000000001fbf0000)]
  0x000000001c831800 JavaThread "Reference Handler" daemon [_thread_blocked, id=12940, stack(0x000000001f9f0000,0x000000001faf0000)]
  0x00000000025f2000 JavaThread "Forwarding newSession on session null to remote" [_thread_in_vm, id=19428, stack(0x00000000024f0000,0x00000000025f0000)]

Other Threads:
  0x000000001c829800 VMThread [stack: 0x000000001f8f0000,0x000000001f9f0000] [id=24708]
  0x0000000020110000 WatcherThread [stack: 0x00000000215f0000,0x00000000216f0000] [id=24040]

VM state:not at safepoint (normal execution)

VM Mutex/Monitor currently owned by a thread: None

heap address: 0x00000006c0c00000, size: 4084 MB, Compressed Oops mode: Zero based, Oop shift amount: 3
Narrow klass base: 0x0000000000000000, Narrow klass shift: 3
Compressed class space size: 1073741824 Address: 0x00000007c0000000

Heap:
 PSYoungGen      total 76288K, used 52658K [0x000000076af00000, 0x0000000770400000, 0x00000007c0000000)
  eden space 65536K, 69% used [0x000000076af00000,0x000000076db7a2c0,0x000000076ef00000)
  from space 10752K, 66% used [0x000000076ef00000,0x000000076f5f28e8,0x000000076f980000)
  to   space 10752K, 0% used [0x000000076f980000,0x000000076f980000,0x0000000770400000)
 ParOldGen       total 175104K, used 16K [0x00000006c0c00000, 0x00000006cb700000, 0x000000076af00000)
  object space 175104K, 0% used [0x00000006c0c00000,0x00000006c0c04000,0x00000006cb700000)
 Metaspace       used 19294K, capacity 20586K, committed 20864K, reserved 1067008K
  class space    used 2516K, capacity 2819K, committed 2944K, reserved 1048576K

Card table byte_map: [0x0000000011c40000,0x0000000012440000] byte_map_base: 0x000000000e63a000

Marking Bits: (ParMarkBitMap*) 0x000000005a782480
 Begin Bits: [0x00000000136a0000, 0x0000000017670000)
 End Bits:   [0x0000000017670000, 0x000000001b640000)

Polling page: 0x0000000000410000

CodeCache: size=245760Kb used=7779Kb max_used=7779Kb free=237981Kb
 bounds [0x0000000002880000, 0x0000000003020000, 0x0000000011880000]
 total_blobs=2159 nmethods=1706 adapters=363
 compilation: enabled

Compilation events (10 events):
Event: 2.579 Thread 0x00000000200f2800 nmethod 1701 0x00000000030153d0 code [0x0000000003015520, 0x0000000003015630]
Event: 2.579 Thread 0x00000000200f3800 nmethod 1702 0x0000000003015690 code [0x0000000003015820, 0x0000000003015bb8]
Event: 2.579 Thread 0x00000000200ff000 1703       3       java.util.Collections$UnmodifiableMap::get (11 bytes)
Event: 2.579 Thread 0x00000000200fc800 1704       3       org.openqa.selenium.json.JsonOutput$$Lambda$410/731829978::accept (9 bytes)
Event: 2.579 Thread 0x00000000200f2800 1705       3       org.openqa.selenium.json.JsonOutput::lambda$asString$34 (37 bytes)
Event: 2.579 Thread 0x00000000200ff000 nmethod 1703 0x0000000003015cd0 code [0x0000000003015e40, 0x0000000003016068]
Event: 2.580 Thread 0x00000000200fc800 nmethod 1704 0x0000000003016110 code [0x0000000003016280, 0x0000000003016408]
Event: 2.580 Thread 0x00000000200f3800 1706       3       org.openqa.selenium.json.JsonInput::peek (288 bytes)
Event: 2.580 Thread 0x00000000200f2800 nmethod 1705 0x0000000003016490 code [0x00000000030166c0, 0x0000000003017358]
Event: 2.581 Thread 0x00000000200f3800 nmethod 1706 0x0000000003017b10 code [0x0000000003017ec0, 0x0000000003019b18]

GC Heap History (2 events):
Event: 1.406 GC heap before
{Heap before GC invocations=1 (full 0):
 PSYoungGen      total 76288K, used 65536K [0x000000076af00000, 0x0000000770400000, 0x00000007c0000000)
  eden space 65536K, 100% used [0x000000076af00000,0x000000076ef00000,0x000000076ef00000)
  from space 10752K, 0% used [0x000000076f980000,0x000000076f980000,0x0000000770400000)
  to   space 10752K, 0% used [0x000000076ef00000,0x000000076ef00000,0x000000076f980000)
 ParOldGen       total 175104K, used 0K [0x00000006c0c00000, 0x00000006cb700000, 0x000000076af00000)
  object space 175104K, 0% used [0x00000006c0c00000,0x00000006c0c00000,0x00000006cb700000)
 Metaspace       used 12704K, capacity 13538K, committed 13696K, reserved 1060864K
  class space    used 1618K, capacity 1827K, committed 1920K, reserved 1048576K
Event: 1.414 GC heap after
Heap after GC invocations=1 (full 0):
 PSYoungGen      total 76288K, used 7114K [0x000000076af00000, 0x0000000770400000, 0x00000007c0000000)
  eden space 65536K, 0% used [0x000000076af00000,0x000000076af00000,0x000000076ef00000)
  from space 10752K, 66% used [0x000000076ef00000,0x000000076f5f28e8,0x000000076f980000)
  to   space 10752K, 0% used [0x000000076f980000,0x000000076f980000,0x0000000770400000)
 ParOldGen       total 175104K, used 16K [0x00000006c0c00000, 0x00000006cb700000, 0x000000076af00000)
  object space 175104K, 0% used [0x00000006c0c00000,0x00000006c0c04000,0x00000006cb700000)
 Metaspace       used 12704K, capacity 13538K, committed 13696K, reserved 1060864K
  class space    used 1618K, capacity 1827K, committed 1920K, reserved 1048576K
}

Deoptimization events (10 events):
Event: 1.482 Thread 0x00000000025f2000 Uncommon trap: reason=unstable_if action=reinterpret pc=0x0000000002ceb7c8 method=sun.misc.MetaIndex.mayContain(Ljava/lang/String;)Z @ 38
Event: 1.576 Thread 0x00000000025f2000 Uncommon trap: reason=class_check action=maybe_recompile pc=0x0000000002eca3bc method=java.util.HashSet.iterator()Ljava/util/Iterator; @ 4
Event: 1.578 Thread 0x00000000025f2000 Uncommon trap: reason=class_check action=maybe_recompile pc=0x0000000002eca3bc method=java.util.HashSet.iterator()Ljava/util/Iterator; @ 4
Event: 1.580 Thread 0x00000000025f2000 Uncommon trap: reason=class_check action=maybe_recompile pc=0x0000000002eca3bc method=java.util.HashSet.iterator()Ljava/util/Iterator; @ 4
Event: 1.669 Thread 0x00000000025f2000 Uncommon trap: reason=class_check action=maybe_recompile pc=0x0000000002eca3bc method=java.util.HashSet.iterator()Ljava/util/Iterator; @ 4
Event: 1.951 Thread 0x0000000021f25800 Uncommon trap: reason=unstable_if action=reinterpret pc=0x0000000002f9e7ec method=java.util.concurrent.ConcurrentHashMap.putVal(Ljava/lang/Object;Ljava/lang/Object;Z)Ljava/lang/Object; @ 206
Event: 1.980 Thread 0x00000000025f2000 Uncommon trap: reason=unstable_if action=reinterpret pc=0x0000000002c104bc method=java.lang.String.replace(CC)Ljava/lang/String; @ 2
Event: 1.986 Thread 0x0000000022422800 Uncommon trap: reason=unstable_if action=reinterpret pc=0x0000000002e85a9c method=java.lang.CharacterDataLatin1.digit(II)I @ 82
Event: 2.511 Thread 0x00000000025f2000 Uncommon trap: reason=unstable_if action=reinterpret pc=0x0000000002fad07c method=jdk.internal.org.objectweb.asm.Type.getArgumentsAndReturnSizes(Ljava/lang/String;)I @ 47
Event: 2.548 Thread 0x00000000025f2000 Uncommon trap: reason=unstable_if action=reinterpret pc=0x0000000002f4b9f8 method=java.io.ByteArrayInputStream.read([BII)I @ 63

Classes redefined (0 events):
No events

Internal exceptions (10 events):
Event: 1.315 Thread 0x00000000025f2000 Exception <a 'java/lang/NoSuchMethodError': java.lang.Object.lambda$ofAttempt$1(Lnet/jodah/failsafe/function/CheckedConsumer;Lnet/jodah/failsafe/ExecutionResult;Lnet/jodah/failsafe/ExecutionContext;)V> (0x000000076e7c71f8) thrown at [C:\tmp\build-8-cpu\jd
Event: 1.317 Thread 0x00000000025f2000 Exception <a 'java/lang/NoSuchMethodError': java.lang.Object.lambda$andThen$0(Lorg/openqa/selenium/remote/http/Filter;Lorg/openqa/selenium/remote/http/HttpHandler;)Lorg/openqa/selenium/remote/http/HttpHandler;> (0x000000076e7ff998) thrown at [C:\tmp\build
Event: 1.344 Thread 0x00000000025f2000 Exception <a 'java/lang/NoClassDefFoundError': org/slf4j/impl/StaticLoggerBinder> (0x000000076ea90808) thrown at [C:\tmp\build-8-cpu\jdk8u\hotspot\src\share\vm\classfile\systemDictionary.cpp, line 206]
Event: 1.356 Thread 0x00000000025f2000 Exception <a 'java/lang/NoClassDefFoundError'> (0x000000076eb61940) thrown at [C:\tmp\build-8-cpu\jdk8u\hotspot\src\share\vm\oops\instanceKlass.cpp, line 964]
Event: 1.358 Thread 0x00000000025f2000 Exception <a 'java/lang/NoClassDefFoundError': org/apache/logging/log4j/spi/ExtendedLoggerWrapper> (0x000000076eb825d8) thrown at [C:\tmp\build-8-cpu\jdk8u\hotspot\src\share\vm\classfile\systemDictionary.cpp, line 206]
Event: 1.358 Thread 0x00000000025f2000 Exception <a 'java/lang/NoClassDefFoundError'> (0x000000076eb825d8) thrown at [C:\tmp\build-8-cpu\jdk8u\hotspot\src\share\vm\prims\jvm.cpp, line 1527]
Event: 1.360 Thread 0x00000000025f2000 Exception <a 'java/lang/NoClassDefFoundError': org/apache/log4j/Priority> (0x000000076eba01c8) thrown at [C:\tmp\build-8-cpu\jdk8u\hotspot\src\share\vm\classfile\systemDictionary.cpp, line 206]
Event: 1.887 Thread 0x00000000025f2000 Exception <a 'java/lang/NoSuchMethodError': java.lang.Object.lambda$andFinally$1(Lorg/openqa/selenium/remote/http/HttpHandler;Lorg/openqa/selenium/remote/http/HttpRequest;)Lorg/openqa/selenium/remote/http/HttpResponse;> (0x000000076cbaf3e8) thrown at [C:\
Event: 2.536 Thread 0x00000000025f2000 Exception <a 'java/lang/NoSuchMethodError': java.lang.Object.lambda$chars$0()Ljava/util/Spliterator$OfInt;> (0x000000076d6d7048) thrown at [C:\tmp\build-8-cpu\jdk8u\hotspot\src\share\vm\interpreter\linkResolver.cpp, line 620]
Event: 2.572 Thread 0x00000000025f2000 Exception <a 'java/lang/NoSuchMethodError': java.lang.Object.lambda$negate$1(Ljava/lang/Object;)Z> (0x000000076d935ef8) thrown at [C:\tmp\build-8-cpu\jdk8u\hotspot\src\share\vm\interpreter\linkResolver.cpp, line 620]

Events (10 events):
Event: 2.580 loading class com/google/common/collect/ArrayListMultimap
Event: 2.580 loading class com/google/common/collect/ArrayListMultimap done
Event: 2.581 loading class com/google/common/collect/ArrayListMultimapGwtSerializationDependencies
Event: 2.581 loading class com/google/common/collect/ArrayListMultimapGwtSerializationDependencies done
Event: 2.581 loading class com/google/common/collect/AbstractListMultimap
Event: 2.581 loading class com/google/common/collect/AbstractListMultimap done
Event: 2.581 loading class com/google/common/collect/ListMultimap
Event: 2.581 loading class com/google/common/collect/ListMultimap done
Event: 2.582 loading class com/google/common/collect/AbstractMapBasedMultimap
Event: 2.582 loading class com/google/common/collect/AbstractMapBasedMultimap done


Dynamic libraries:
0x00007ff71b100000 - 0x00007ff71b135000 	C:\Program Files\OpenJDK\openjdk-8u312-b07\bin\java.exe
0x00007ffac0130000 - 0x00007ffac0325000 	C:\WINDOWS\SYSTEM32\ntdll.dll
0x00007ffabe720000 - 0x00007ffabe7de000 	C:\WINDOWS\System32\KERNEL32.DLL
0x00007ffabdc80000 - 0x00007ffabdf48000 	C:\WINDOWS\System32\KERNELBASE.dll
0x00007ffabff90000 - 0x00007ffac003c000 	C:\WINDOWS\System32\ADVAPI32.dll
0x00007ffabf660000 - 0x00007ffabf6fe000 	C:\WINDOWS\System32\msvcrt.dll
0x00007ffabfef0000 - 0x00007ffabff8b000 	C:\WINDOWS\System32\sechost.dll
0x00007ffabf0b0000 - 0x00007ffabf1da000 	C:\WINDOWS\System32\RPCRT4.dll
0x00007ffabfd40000 - 0x00007ffabfee1000 	C:\WINDOWS\System32\USER32.dll
0x00007ffabdf50000 - 0x00007ffabdf72000 	C:\WINDOWS\System32\win32u.dll
0x00007ffabfba0000 - 0x00007ffabfbcb000 	C:\WINDOWS\System32\GDI32.dll
0x00007ffabd970000 - 0x00007ffabda7d000 	C:\WINDOWS\System32\gdi32full.dll
0x00007ffabdbe0000 - 0x00007ffabdc7d000 	C:\WINDOWS\System32\msvcp_win.dll
0x00007ffabd870000 - 0x00007ffabd970000 	C:\WINDOWS\System32\ucrtbase.dll
0x00007ffaa64c0000 - 0x00007ffaa675a000 	C:\WINDOWS\WinSxS\amd64_microsoft.windows.common-controls_6595b64144ccf1df_6.0.19041.1110_none_60b5254171f9507e\COMCTL32.dll
0x00007ffabfca0000 - 0x00007ffabfcd0000 	C:\WINDOWS\System32\IMM32.DLL
0x000000005d070000 - 0x000000005d142000 	C:\Program Files\OpenJDK\openjdk-8u312-b07\jre\bin\msvcr100.dll
0x0000000059f70000 - 0x000000005a804000 	C:\Program Files\OpenJDK\openjdk-8u312-b07\jre\bin\server\jvm.dll
0x00007ffabfb90000 - 0x00007ffabfb98000 	C:\WINDOWS\System32\PSAPI.DLL
0x00007ffab90d0000 - 0x00007ffab90da000 	C:\WINDOWS\SYSTEM32\VERSION.dll
0x00007ffab1710000 - 0x00007ffab1719000 	C:\WINDOWS\SYSTEM32\WSOCK32.dll
0x00007ffab4b30000 - 0x00007ffab4b57000 	C:\WINDOWS\SYSTEM32\WINMM.dll
0x00007ffabe170000 - 0x00007ffabe1db000 	C:\WINDOWS\System32\WS2_32.dll
0x00007ffa9fd10000 - 0x00007ffa9fd1f000 	C:\Program Files\OpenJDK\openjdk-8u312-b07\jre\bin\verify.dll
0x00007ffa9c9b0000 - 0x00007ffa9c9d9000 	C:\Program Files\OpenJDK\openjdk-8u312-b07\jre\bin\java.dll
0x00007ffa9f6c0000 - 0x00007ffa9f6e3000 	C:\Program Files\OpenJDK\openjdk-8u312-b07\jre\bin\instrument.dll
0x00007ffa9cbe0000 - 0x00007ffa9cbf6000 	C:\Program Files\OpenJDK\openjdk-8u312-b07\jre\bin\zip.dll
0x00007ffabe8d0000 - 0x00007ffabf014000 	C:\WINDOWS\System32\SHELL32.dll
0x00007ffabb950000 - 0x00007ffabc0e4000 	C:\WINDOWS\SYSTEM32\windows.storage.dll
0x00007ffabf830000 - 0x00007ffabfb85000 	C:\WINDOWS\System32\combase.dll
0x00007ffabd290000 - 0x00007ffabd2be000 	C:\WINDOWS\SYSTEM32\Wldp.dll
0x00007ffac0040000 - 0x00007ffac00ed000 	C:\WINDOWS\System32\SHCORE.dll
0x00007ffabfcd0000 - 0x00007ffabfd25000 	C:\WINDOWS\System32\shlwapi.dll
0x00007ffabd780000 - 0x00007ffabd79f000 	C:\WINDOWS\SYSTEM32\profapi.dll
0x00007ffa9f9d0000 - 0x00007ffa9f9ea000 	C:\Users\chan_\AppData\Local\JetBrains\Toolbox\apps\IDEA-C\ch-0\213.5744.223\bin\breakgen64.dll
0x00007ffa9c850000 - 0x00007ffa9c86b000 	C:\Program Files\OpenJDK\openjdk-8u312-b07\jre\bin\net.dll
0x00007ffabcff0000 - 0x00007ffabd05a000 	C:\WINDOWS\system32\mswsock.dll
0x00007ffa9c7f0000 - 0x00007ffa9c801000 	C:\Program Files\OpenJDK\openjdk-8u312-b07\jre\bin\nio.dll
0x00007ffabd1f0000 - 0x00007ffabd208000 	C:\WINDOWS\SYSTEM32\CRYPTSP.dll
0x00007ffabc8a0000 - 0x00007ffabc8d4000 	C:\WINDOWS\system32\rsaenh.dll
0x00007ffabd840000 - 0x00007ffabd867000 	C:\WINDOWS\System32\bcrypt.dll
0x00007ffabd740000 - 0x00007ffabd76e000 	C:\WINDOWS\SYSTEM32\USERENV.dll
0x00007ffabdf80000 - 0x00007ffabe002000 	C:\WINDOWS\System32\bcryptprimitives.dll
0x00007ffabd1e0000 - 0x00007ffabd1ec000 	C:\WINDOWS\SYSTEM32\CRYPTBASE.dll
0x00007ffabcc70000 - 0x00007ffabccab000 	C:\WINDOWS\SYSTEM32\IPHLPAPI.DLL
0x00007ffabfd30000 - 0x00007ffabfd38000 	C:\WINDOWS\System32\NSI.dll
0x00007ffab75b0000 - 0x00007ffab75c7000 	C:\WINDOWS\SYSTEM32\dhcpcsvc6.DLL
0x00007ffab76e0000 - 0x00007ffab76fd000 	C:\WINDOWS\SYSTEM32\dhcpcsvc.DLL
0x00007ffabcce0000 - 0x00007ffabcdab000 	C:\WINDOWS\SYSTEM32\DNSAPI.dll
0x00007ffab3b30000 - 0x00007ffab3b3a000 	C:\Windows\System32\rasadhlp.dll
0x00007ffab3b40000 - 0x00007ffab3bbf000 	C:\WINDOWS\System32\fwpuclnt.dll
0x00007ffa9c780000 - 0x00007ffa9c7a4000 	C:\Program Files\OpenJDK\openjdk-8u312-b07\jre\bin\sunec.dll

VM Arguments:
jvm_args: -Dorg.jetbrains.run.directory=C:\Users\chan_\Project_1\SeleniumReimb\src\test\java\features -javaagent:C:\Users\chan_\AppData\Local\JetBrains\Toolbox\apps\IDEA-C\ch-0\213.5744.223\lib\idea_rt.jar=65249:C:\Users\chan_\AppData\Local\JetBrains\Toolbox\apps\IDEA-C\ch-0\213.5744.223\bin -Dfile.encoding=UTF-8 
java_command: io.cucumber.core.cli.Main --plugin org.jetbrains.plugins.cucumber.java.run.CucumberJvm5SMFormatter --name ^Employee entering correct e\-mail\, username and password places them on Employee Reimbursement page$ --glue steps C:/Users/chan_/Project_1/SeleniumReimb/src/test/java/features/expense_reimbursement_system.feature
java_class_path (initial): C:\Program Files\OpenJDK\openjdk-8u312-b07\jre\lib\charsets.jar;C:\Program Files\OpenJDK\openjdk-8u312-b07\jre\lib\ext\access-bridge-64.jar;C:\Program Files\OpenJDK\openjdk-8u312-b07\jre\lib\ext\cldrdata.jar;C:\Program Files\OpenJDK\openjdk-8u312-b07\jre\lib\ext\dnsns.jar;C:\Program Files\OpenJDK\openjdk-8u312-b07\jre\lib\ext\jaccess.jar;C:\Program Files\OpenJDK\openjdk-8u312-b07\jre\lib\ext\localedata.jar;C:\Program Files\OpenJDK\openjdk-8u312-b07\jre\lib\ext\nashorn.jar;C:\Program Files\OpenJDK\openjdk-8u312-b07\jre\lib\ext\sunec.jar;C:\Program Files\OpenJDK\openjdk-8u312-b07\jre\lib\ext\sunjce_provider.jar;C:\Program Files\OpenJDK\openjdk-8u312-b07\jre\lib\ext\sunmscapi.jar;C:\Program Files\OpenJDK\openjdk-8u312-b07\jre\lib\ext\sunpkcs11.jar;C:\Program Files\OpenJDK\openjdk-8u312-b07\jre\lib\ext\zipfs.jar;C:\Program Files\OpenJDK\openjdk-8u312-b07\jre\lib\jce.jar;C:\Program Files\OpenJDK\openjdk-8u312-b07\jre\lib\jfr.jar;C:\Program Files\OpenJDK\openjdk-8u312-b07\jre\lib\jsse.jar;C:\Program Files\OpenJDK\openjdk-8u312-b07\jre\lib\management-agent.jar;C:\Program Files\OpenJDK\openjdk-8u312-b07\jre\lib\resources.jar;C:\Program Files\OpenJDK\openjdk-8u312-b07\jre\lib\rt.jar;C:\Users\chan_\Project_1\SeleniumReimb\target\test-classes;C:\Users\chan_\Project_1\SeleniumReimb\target\classes;C:\Users\chan_\.m2\repository\org\seleniumhq\selenium\selenium-java\4.1.0\selenium-java-4.1.0.jar;C:\Users\chan_\.m2\repository\org\seleniumhq\selenium\selenium-api\4.1.0\selenium-api-4.1.0.jar;C:\Users\chan_\.m2\repository\org\seleniumhq\selenium\selenium-chrome-driver\4.1.0\selenium-chrome-driver-4.1.0.jar;C:\Users\chan_\.m2\repository\com\google\auto\service\auto-service-annotations\1.0.1\auto-service-annotations-1.0.1.jar;C:\Users\chan_\.m2\repository\com\google\auto\service\auto-service\1.0.1\auto-service-1.0.1.jar;C:\Users\chan_\.m2\repository\com\google\auto\auto-common\1.2\auto-common-1.2.jar;C:\Users\chan_\.m2\repository\com\google\guava\guava\31.0
Launcher Type: SUN_STANDARD

Environment Variables:
JAVA_HOME=C:\Program Files\OpenJDK\openjdk-8u312-b07
CLASSPATH=.;
PATH=C:\WINDOWS\system32;C:\WINDOWS;C:\WINDOWS\System32\Wbem;C:\WINDOWS\System32\WindowsPowerShell\v1.0\;C:\WINDOWS\System32\OpenSSH\;C:\ProgramData\chocolatey\bin;C:\Program Files\Git\cmd;C:\Program Files\OpenJDK\openjdk-8u312-b07\bin;C:\Program Files\Java\jdk1.8.0_211\bin;C:\Program Files\Common Files\Oracle\Java\javapath;C:\ProgramData\chocolatey\lib\maven\apache-maven-3.8.4\bin;C:\Program Files\nodejs\;C:\WINDOWS\system32;C:\WINDOWS;C:\WINDOWS\System32\Wbem;C:\WINDOWS\System32\WindowsPowerShell\v1.0\;C:\WINDOWS\System32\OpenSSH\;C:\ProgramData\chocolatey\bin;C:\Program Files\Git\cmd;C:\Program Files\OpenJDK\openjdk-8u312-b07\bin;C:\Program Files\Java\jdk1.8.0_211\bin;C:\Program Files\Common Files\Oracle\Java\javapath;C:\Users\chan_\AppData\Local\Programs\Python\Python39\Scripts\;C:\Users\chan_\AppData\Local\Programs\Python\Python39\;C:\Users\chan_\AppData\Local\Microsoft\WindowsApps;C:\Users\chan_\AppData\Local\Programs\Microsoft VS Code\bin;C:\Program Files (x86)\GitHub CLI\;c:\tools\Selenium;C:\Users\chan_\AppData\Roaming\npm
USERNAME=chan_
OS=Windows_NT
PROCESSOR_IDENTIFIER=AMD64 Family 23 Model 1 Stepping 1, AuthenticAMD



---------------  S Y S T E M  ---------------

OS: Windows 10.0 , 64 bit Build 19041 (10.0.19041.1348)

CPU:total 16 (initial active 16) (16 cores per cpu, 1 threads per core) family 23 model 1 stepping 1, cmov, cx8, fxsr, mmx, sse, sse2, sse3, ssse3, sse4.1, sse4.2, popcnt, avx, avx2, aes, clmul, mmxext, 3dnowpref, lzcnt, sse4a, tsc, tscinvbit, tscinv, bmi1

Memory: 4k page, physical 16721396k(447496k free), swap 32081396k(4392k free)

vm_info: OpenJDK 64-Bit Server VM (25.312-b07) for windows-amd64 JRE (1.8.0_312-b07), built on Oct 15 2021 11:47:12 by "build" with MS VC++ 10.0 (VS2010)

time: Sun Dec 19 19:34:39 2021
timezone: Central Standard Time
elapsed time: 2.594776 seconds (0d 0h 0m 2s)

